<?xml version="1.0" encoding="UTF-8"?>
<testng-results skipped="0" failed="0" total="1" passed="1">
  <reporter-output>
  </reporter-output>
  <suite name="Default suite" duration-ms="16377" started-at="2019-11-20T06:48:03Z" finished-at="2019-11-20T06:48:19Z">
    <groups>
    </groups>
    <test name="Default test" duration-ms="16377" started-at="2019-11-20T06:48:03Z" finished-at="2019-11-20T06:48:19Z">
      <class name="Pageobj.NewTest">
        <test-method status="PASS" signature="abcd()[pri:0, instance:Pageobj.NewTest@357246de]" name="abcd" duration-ms="16358" started-at="2019-11-20T12:18:03Z" finished-at="2019-11-20T12:18:19Z">
          <reporter-output>
          </reporter-output>
        </test-method> <!-- abcd -->
      </class> <!-- Pageobj.NewTest -->
    </test> <!-- Default test -->
  </suite> <!-- Default suite -->
</testng-results>
